2026-04-17 16:00:58,760 - INFO - Task 1 started: inspect audio files
2026-04-17 16:00:58,983 - INFO - Task 1 completed
2026-04-17 16:00:58,983 - INFO - Task 2 started: trim audio
2026-04-17 16:00:59,073 - INFO - Task 2 completed: trimmed audio saved
2026-04-17 16:00:59,073 - INFO - Task 3 started: concatenate audio
2026-04-17 16:00:59,164 - INFO - Task 3 completed: combined audio saved
2026-04-17 16:00:59,165 - INFO - Task 4 started: volume and fade
2026-04-17 16:00:59,284 - INFO - Task 4 completed: volume and fade files saved
2026-04-17 16:00:59,285 - INFO - Task 5 started: convert audio format
2026-04-17 16:00:59,454 - INFO - Task 5 completed: converted audio saved
2026-04-17 16:00:59,454 - INFO - Task 6 started: video processing
2026-04-17 16:01:03,858 - INFO - Task 6 completed: video inspected and audio extracted
2026-04-17 16:01:03,858 - INFO - Task 7 started: keyframe extraction
2026-04-17 16:01:10,708 - INFO - Task 7 completed: keyframes extracted
2026-04-17 16:01:10,708 - INFO - Task 8 started: short audio transcription
2026-04-17 16:01:11,809 - INFO - HTTP Request: GET https://huggingface.co/api/models/Systran/faster-whisper-base/revision/main "HTTP/1.1 200 OK"
2026-04-17 16:01:12,382 - INFO - Processing audio with duration 00:18.297
2026-04-17 16:01:13,049 - INFO - Detected language 'ru' with probability 0.28
2026-04-17 16:01:13,865 - INFO - Task 8 completed: short audio transcript saved
2026-04-17 16:01:13,865 - INFO - Task 9 started: transcribe extracted video audio
2026-04-17 16:01:14,014 - INFO - HTTP Request: GET https://huggingface.co/api/models/Systran/faster-whisper-base/revision/main "HTTP/1.1 200 OK"
2026-04-17 16:01:14,866 - INFO - Processing audio with duration 05:31.300
2026-04-17 16:01:15,669 - INFO - Detected language 'en' with probability 0.51
2026-04-17 16:02:14,639 - INFO - Task 9 completed: video audio transcript saved
2026-04-17 16:02:14,639 - INFO - Task 10 started: chunked transcription
2026-04-17 16:02:15,387 - INFO - HTTP Request: GET https://huggingface.co/api/models/Systran/faster-whisper-base/revision/main "HTTP/1.1 200 OK"
2026-04-17 16:02:15,946 - INFO - Task 10 completed: chunked transcript saved
2026-04-17 16:02:15,947 - INFO - Task 11 started: save transcript to MongoDB
2026-04-17 16:02:16,104 - INFO - HTTP Request: GET https://huggingface.co/api/models/Systran/faster-whisper-base/revision/main "HTTP/1.1 200 OK"
2026-04-17 16:02:16,595 - INFO - Processing audio with duration 00:18.297
2026-04-17 16:02:17,223 - INFO - Detected language 'ru' with probability 0.28
2026-04-17 16:02:18,117 - INFO - Task 11 completed: transcript stored in MongoDB
2026-04-25 23:05:08,081 - INFO - Pipeline started
2026-04-25 23:05:08,121 - INFO - Fetching API data...
2026-04-25 23:05:15,191 - INFO - Saving API data to MongoDB...
2026-04-25 23:05:15,240 - INFO - Starting single-page scraping...
2026-04-25 23:05:15,707 - INFO - Scraping single page: https://books.toscrape.com/
2026-04-25 23:05:18,724 - INFO - Starting multi-page scraping...
2026-04-25 23:05:19,121 - INFO - Scraping page 1: https://books.toscrape.com/catalogue/page-1.html
2026-04-25 23:05:22,478 - INFO - Scraping page 2: https://books.toscrape.com/catalogue/page-2.html
2026-04-25 23:05:25,929 - INFO - Scraping page 3: https://books.toscrape.com/catalogue/page-3.html
2026-04-25 23:05:28,928 - INFO - Starting JSON API scraping...
2026-04-25 23:05:28,928 - INFO - Scraping JSON API: https://jsonplaceholder.typicode.com/posts
2026-04-25 23:05:29,766 - INFO - Starting Selenium scraping...
2026-04-25 23:05:29,766 - INFO - Scraping dynamic page with Selenium: https://quotes.toscrape.com/js/
2026-04-25 23:05:50,085 - INFO - Starting OCR on image...
2026-04-25 23:05:50,086 - INFO - OCR image: data/raw/images/test_scan.png
2026-04-25 23:05:53,155 - INFO - Starting OCR on scanned PDF...
2026-04-25 23:05:53,155 - INFO - OCR scanned PDF: data/raw/scanned/test_scan.pdf
2026-04-25 23:05:55,664 - INFO - Pipeline finished successfully
2026-04-25 23:05:55,664 - INFO - Starting Lab 8 analytics
2026-04-25 23:05:57,185 - INFO - Pipeline finished successfully
2026-05-01 21:04:52,570 - INFO - Pipeline started
2026-05-01 21:04:52,571 - INFO - Fetching API data...
2026-05-01 21:05:05,788 - INFO - Saving API data to MongoDB...
2026-05-01 21:05:05,973 - INFO - Starting single-page scraping...
2026-05-01 21:05:06,908 - INFO - Scraping single page: https://books.toscrape.com/
2026-05-01 21:05:10,295 - INFO - Starting multi-page scraping...
2026-05-01 21:05:10,823 - INFO - Scraping page 1: https://books.toscrape.com/catalogue/page-1.html
2026-05-01 21:05:14,833 - INFO - Scraping page 2: https://books.toscrape.com/catalogue/page-2.html
2026-05-01 21:05:19,048 - INFO - Scraping page 3: https://books.toscrape.com/catalogue/page-3.html
2026-05-01 21:05:22,529 - INFO - Starting JSON API scraping...
2026-05-01 21:05:22,529 - INFO - Scraping JSON API: https://jsonplaceholder.typicode.com/posts
2026-05-01 21:05:23,772 - INFO - Starting Selenium scraping...
2026-05-01 21:05:23,772 - INFO - Scraping dynamic page with Selenium: https://quotes.toscrape.com/js/
2026-05-01 21:05:30,943 - INFO - Starting OCR on image...
2026-05-01 21:05:30,943 - INFO - OCR image: data/raw/images/test_scan.png
2026-05-01 21:05:35,018 - INFO - Starting OCR on scanned PDF...
2026-05-01 21:05:35,018 - INFO - OCR scanned PDF: data/raw/scanned/test_scan.pdf
2026-05-01 21:05:37,202 - INFO - Starting Lab 8 analytics
2026-05-01 21:05:41,118 - INFO - Starting Lab 9 cleaning pipeline
2026-05-01 21:05:41,120 - ERROR - Pipeline failed: ['id']
2026-05-01 21:07:38,531 - INFO - Pipeline started
2026-05-01 21:07:38,531 - INFO - Fetching API data...
2026-05-01 21:07:54,560 - INFO - Saving API data to MongoDB...
2026-05-01 21:07:54,618 - INFO - Starting single-page scraping...
2026-05-01 21:07:55,332 - INFO - Scraping single page: https://books.toscrape.com/
2026-05-01 21:07:59,328 - INFO - Starting Lab 9 cleaning pipeline
2026-05-01 21:07:59,328 - ERROR - Pipeline failed: name 'df' is not defined
2026-05-01 21:10:50,178 - INFO - Pipeline started
2026-05-01 21:10:50,179 - INFO - Fetching API data...
2026-05-01 21:11:03,323 - INFO - Saving API data to MongoDB...
2026-05-01 21:11:03,363 - INFO - Starting single-page scraping...
2026-05-01 21:11:05,262 - INFO - Scraping single page: https://books.toscrape.com/
2026-05-01 21:11:09,291 - INFO - Starting multi-page scraping...
2026-05-01 21:11:09,671 - INFO - Scraping page 1: https://books.toscrape.com/catalogue/page-1.html
2026-05-01 21:11:13,519 - INFO - Scraping page 2: https://books.toscrape.com/catalogue/page-2.html
2026-05-01 21:11:17,737 - INFO - Scraping page 3: https://books.toscrape.com/catalogue/page-3.html
2026-05-01 21:11:21,469 - INFO - Starting JSON API scraping...
2026-05-01 21:11:21,470 - INFO - Scraping JSON API: https://jsonplaceholder.typicode.com/posts
2026-05-01 21:11:22,584 - INFO - Starting Selenium scraping...
2026-05-01 21:11:22,634 - INFO - Scraping dynamic page with Selenium: https://quotes.toscrape.com/js/
2026-05-01 21:11:27,752 - INFO - Starting OCR on image...
2026-05-01 21:11:27,753 - INFO - OCR image: data/raw/images/test_scan.png
2026-05-01 21:11:30,822 - INFO - Starting OCR on scanned PDF...
2026-05-01 21:11:30,822 - INFO - OCR scanned PDF: data/raw/scanned/test_scan.pdf
2026-05-01 21:11:32,845 - INFO - Starting Lab 8 analytics
2026-05-01 21:11:35,244 - INFO - Starting Lab 9 cleaning pipeline
2026-05-01 21:11:35,246 - ERROR - Pipeline failed: ['id']
2026-05-02 10:42:54,480 - INFO - Pipeline started
2026-05-02 10:42:54,481 - INFO - Fetching API data...
2026-05-02 10:43:03,064 - INFO - Saving API data to MongoDB...
2026-05-02 10:43:03,080 - INFO - Starting single-page scraping...
2026-05-02 10:43:03,544 - INFO - Scraping single page: https://books.toscrape.com/
2026-05-02 10:43:06,201 - INFO - Starting multi-page scraping...
2026-05-02 10:43:06,586 - INFO - Scraping page 1: https://books.toscrape.com/catalogue/page-1.html
2026-05-02 10:43:09,570 - INFO - Scraping page 2: https://books.toscrape.com/catalogue/page-2.html
2026-05-02 10:43:12,551 - INFO - Scraping page 3: https://books.toscrape.com/catalogue/page-3.html
2026-05-02 10:43:15,205 - INFO - Starting JSON API scraping...
2026-05-02 10:43:15,205 - INFO - Scraping JSON API: https://jsonplaceholder.typicode.com/posts
2026-05-02 10:43:17,257 - INFO - Starting Selenium scraping...
2026-05-02 10:43:17,257 - INFO - Scraping dynamic page with Selenium: https://quotes.toscrape.com/js/
2026-05-02 10:43:24,428 - INFO - Starting OCR on image...
2026-05-02 10:43:24,428 - INFO - OCR image: data/raw/images/test_scan.png
2026-05-02 10:43:25,630 - INFO - Starting OCR on scanned PDF...
2026-05-02 10:43:25,630 - INFO - OCR scanned PDF: data/raw/scanned/test_scan.pdf
2026-05-02 10:43:26,457 - INFO - Starting Lab 8 analytics
2026-05-02 10:43:27,554 - INFO - Starting Lab 9 cleaning pipeline
2026-05-02 10:43:27,555 - ERROR - Pipeline failed: ['id']
2026-05-02 10:46:03,965 - INFO - Pipeline started
2026-05-02 10:46:03,965 - INFO - Fetching API data...
2026-05-02 10:46:10,407 - INFO - Saving API data to MongoDB...
2026-05-02 10:46:10,444 - INFO - Starting single-page scraping...
2026-05-02 10:46:10,855 - INFO - Scraping single page: https://books.toscrape.com/
2026-05-02 10:46:13,458 - INFO - Starting multi-page scraping...
2026-05-02 10:46:13,868 - INFO - Scraping page 1: https://books.toscrape.com/catalogue/page-1.html
2026-05-02 10:46:16,952 - INFO - Scraping page 2: https://books.toscrape.com/catalogue/page-2.html
2026-05-02 10:46:20,078 - INFO - Scraping page 3: https://books.toscrape.com/catalogue/page-3.html
2026-05-02 10:46:22,707 - INFO - Starting JSON API scraping...
2026-05-02 10:46:22,707 - INFO - Scraping JSON API: https://jsonplaceholder.typicode.com/posts
2026-05-02 10:46:23,246 - INFO - Starting Selenium scraping...
2026-05-02 10:46:23,247 - INFO - Scraping dynamic page with Selenium: https://quotes.toscrape.com/js/
2026-05-02 10:46:27,339 - INFO - Starting OCR on image...
2026-05-02 10:46:27,339 - INFO - OCR image: data/raw/images/test_scan.png
2026-05-02 10:46:28,600 - INFO - Starting OCR on scanned PDF...
2026-05-02 10:46:28,600 - INFO - OCR scanned PDF: data/raw/scanned/test_scan.pdf
2026-05-02 10:46:29,443 - INFO - Starting Lab 8 analytics
2026-05-02 10:46:30,406 - INFO - Starting Lab 9 cleaning pipeline
2026-05-02 10:46:30,406 - INFO - Starting cleaning pipeline
2026-05-02 10:46:30,407 - INFO - Available columns: ['_id', 'source', 'timestamp', 'name', 'city', 'country', 'postcode', 'street', 'categories', 'longitude', 'latitude', 'website', 'formatted_address']
2026-05-02 10:46:30,409 - INFO - Dropped rows with missing _id
2026-05-02 10:46:30,431 - ERROR - Pipeline failed: Can only use .str accessor with string values, not datetime64
2026-05-02 10:51:20,700 - INFO - Pipeline started
2026-05-02 10:51:20,700 - INFO - Fetching API data...
2026-05-02 10:51:26,566 - INFO - Saving API data to MongoDB...
2026-05-02 10:51:26,582 - INFO - Starting single-page scraping...
2026-05-02 10:51:27,023 - INFO - Scraping single page: https://books.toscrape.com/
2026-05-02 10:51:29,652 - INFO - Starting multi-page scraping...
2026-05-02 10:51:30,068 - INFO - Scraping page 1: https://books.toscrape.com/catalogue/page-1.html
2026-05-02 10:51:33,397 - INFO - Scraping page 2: https://books.toscrape.com/catalogue/page-2.html
2026-05-02 10:51:37,108 - INFO - Scraping page 3: https://books.toscrape.com/catalogue/page-3.html
2026-05-02 10:51:40,488 - INFO - Starting JSON API scraping...
2026-05-02 10:51:40,489 - INFO - Scraping JSON API: https://jsonplaceholder.typicode.com/posts
2026-05-02 10:51:41,289 - INFO - Starting Selenium scraping...
2026-05-02 10:51:41,289 - INFO - Scraping dynamic page with Selenium: https://quotes.toscrape.com/js/
2026-05-02 10:51:45,612 - INFO - Starting OCR on image...
2026-05-02 10:51:45,614 - INFO - OCR image: data/raw/images/test_scan.png
2026-05-02 10:51:47,377 - INFO - Starting OCR on scanned PDF...
2026-05-02 10:51:47,377 - INFO - OCR scanned PDF: data/raw/scanned/test_scan.pdf
2026-05-02 10:51:48,250 - INFO - Starting Lab 8 analytics
2026-05-02 10:51:49,703 - INFO - Starting Lab 9 cleaning pipeline
2026-05-02 10:51:49,703 - INFO - Starting cleaning pipeline
2026-05-02 10:51:49,704 - INFO - Available columns: ['_id', 'source', 'timestamp', 'name', 'city', 'country', 'postcode', 'street', 'categories', 'longitude', 'latitude', 'website', 'formatted_address']
2026-05-02 10:51:49,705 - INFO - Dropped rows with missing _id
2026-05-02 10:51:49,718 - ERROR - Pipeline failed: Can only use .str accessor with string values, not datetime64
2026-05-02 10:56:28,985 - INFO - Pipeline started
2026-05-02 10:56:28,986 - INFO - Fetching API data...
2026-05-02 10:56:34,942 - INFO - Saving API data to MongoDB...
2026-05-02 10:56:34,964 - INFO - Starting single-page scraping...
2026-05-02 10:56:35,391 - INFO - Scraping single page: https://books.toscrape.com/
2026-05-02 10:56:37,981 - INFO - Starting multi-page scraping...
2026-05-02 10:56:38,363 - INFO - Scraping page 1: https://books.toscrape.com/catalogue/page-1.html
2026-05-02 10:56:41,380 - INFO - Scraping page 2: https://books.toscrape.com/catalogue/page-2.html
2026-05-02 10:56:44,429 - INFO - Scraping page 3: https://books.toscrape.com/catalogue/page-3.html
2026-05-02 10:56:47,075 - INFO - Starting JSON API scraping...
2026-05-02 10:56:47,075 - INFO - Scraping JSON API: https://jsonplaceholder.typicode.com/posts
2026-05-02 10:56:47,628 - INFO - Starting Selenium scraping...
2026-05-02 10:56:47,629 - INFO - Scraping dynamic page with Selenium: https://quotes.toscrape.com/js/
2026-05-02 10:56:52,192 - INFO - Starting OCR on image...
2026-05-02 10:56:52,193 - INFO - OCR image: data/raw/images/test_scan.png
2026-05-02 10:56:53,344 - INFO - Starting OCR on scanned PDF...
2026-05-02 10:56:53,345 - INFO - OCR scanned PDF: data/raw/scanned/test_scan.pdf
2026-05-02 10:56:54,146 - INFO - Starting Lab 8 analytics
2026-05-02 10:56:55,188 - INFO - Starting Lab 9 cleaning pipeline
2026-05-02 10:56:55,188 - INFO - Starting cleaning pipeline
2026-05-02 10:56:55,189 - INFO - Available columns: ['_id', 'source', 'timestamp', 'name', 'city', 'country', 'postcode', 'street', 'categories', 'longitude', 'latitude', 'website', 'formatted_address']
2026-05-02 10:56:55,190 - INFO - Dropped rows with missing _id
2026-05-02 10:56:55,213 - INFO - Removed exact duplicates: 2162
2026-05-02 10:56:55,213 - INFO - Duplicate count in _id: 0
2026-05-02 10:56:55,221 - INFO - Cleaned data saved to processed/cleaned/cleaned_data.csv
2026-05-02 10:56:55,221 - INFO - Cleaning pipeline finished
2026-05-02 10:56:55,221 - ERROR - Pipeline failed: name 'ogging' is not defined
2026-05-02 11:01:26,398 - INFO - Pipeline started
2026-05-02 11:01:26,398 - INFO - Fetching API data...
2026-05-02 11:01:33,199 - INFO - Saving API data to MongoDB...
2026-05-02 11:01:33,221 - INFO - Starting single-page scraping...
2026-05-02 11:01:33,751 - INFO - Scraping single page: https://books.toscrape.com/
2026-05-02 11:01:36,514 - INFO - Starting multi-page scraping...
2026-05-02 11:01:36,897 - INFO - Scraping page 1: https://books.toscrape.com/catalogue/page-1.html
2026-05-02 11:01:39,922 - INFO - Scraping page 2: https://books.toscrape.com/catalogue/page-2.html
2026-05-02 11:01:43,239 - INFO - Scraping page 3: https://books.toscrape.com/catalogue/page-3.html
2026-05-02 11:01:45,897 - INFO - Starting JSON API scraping...
2026-05-02 11:01:45,898 - INFO - Scraping JSON API: https://jsonplaceholder.typicode.com/posts
2026-05-02 11:01:46,391 - INFO - Starting Selenium scraping...
2026-05-02 11:01:46,391 - INFO - Scraping dynamic page with Selenium: https://quotes.toscrape.com/js/
2026-05-02 11:01:50,378 - INFO - Starting OCR on image...
2026-05-02 11:01:50,379 - INFO - OCR image: data/raw/images/test_scan.png
2026-05-02 11:01:51,646 - INFO - Starting OCR on scanned PDF...
2026-05-02 11:01:51,646 - INFO - OCR scanned PDF: data/raw/scanned/test_scan.pdf
2026-05-02 11:01:52,683 - INFO - Starting Lab 8 analytics
2026-05-02 11:01:53,774 - INFO - Starting Lab 9 cleaning pipeline
2026-05-02 11:01:53,775 - INFO - Starting cleaning pipeline
2026-05-02 11:01:53,775 - INFO - Available columns: ['_id', 'source', 'timestamp', 'name', 'city', 'country', 'postcode', 'street', 'categories', 'longitude', 'latitude', 'website', 'formatted_address']
2026-05-02 11:01:53,777 - INFO - Dropped rows with missing _id
2026-05-02 11:01:53,797 - INFO - Removed exact duplicates: 2339
2026-05-02 11:01:53,797 - INFO - Duplicate count in _id: 0
2026-05-02 11:01:53,813 - INFO - Cleaned data saved to processed/cleaned/cleaned_data.csv
2026-05-02 11:01:53,813 - INFO - Cleaning pipeline finished
2026-05-02 11:01:53,813 - INFO - Cleaning completed. Cleaned rows: 666
2026-05-10 11:57:15,942 - INFO - Pipeline started
2026-05-10 11:57:15,943 - INFO - Fetching API data...
2026-05-10 11:57:18,472 - INFO - Saving API data to MongoDB...
2026-05-10 11:57:18,493 - INFO - Starting single-page scraping...
2026-05-10 11:57:19,091 - INFO - Scraping single page: https://books.toscrape.com/
2026-05-10 11:57:21,837 - INFO - Starting multi-page scraping...
2026-05-10 11:57:22,258 - INFO - Scraping page 1: https://books.toscrape.com/catalogue/page-1.html
2026-05-10 11:57:25,348 - INFO - Scraping page 2: https://books.toscrape.com/catalogue/page-2.html
2026-05-10 11:57:28,462 - INFO - Scraping page 3: https://books.toscrape.com/catalogue/page-3.html
2026-05-10 11:57:31,132 - INFO - Starting JSON API scraping...
2026-05-10 11:57:31,132 - INFO - Scraping JSON API: https://jsonplaceholder.typicode.com/posts
2026-05-10 11:57:31,704 - INFO - Starting Selenium scraping...
2026-05-10 11:57:31,705 - INFO - Scraping dynamic page with Selenium: https://quotes.toscrape.com/js/
2026-05-10 11:57:37,337 - INFO - Starting OCR on image...
2026-05-10 11:57:37,337 - INFO - OCR image: data/raw/images/test_scan.png
2026-05-10 11:57:39,162 - INFO - Starting OCR on scanned PDF...
2026-05-10 11:57:39,162 - INFO - OCR scanned PDF: data/raw/scanned/test_scan.pdf
2026-05-10 11:57:40,043 - INFO - Starting Lab 8 analytics
2026-05-10 11:57:41,730 - INFO - Starting Lab 9 cleaning pipeline
2026-05-10 11:57:41,731 - INFO - Starting cleaning pipeline
2026-05-10 11:57:41,731 - INFO - Available columns: ['_id', 'source', 'timestamp', 'name', 'city', 'country', 'postcode', 'street', 'categories', 'longitude', 'latitude', 'website', 'formatted_address']
2026-05-10 11:57:41,732 - INFO - Dropped rows with missing _id
2026-05-10 11:57:41,754 - INFO - Removed exact duplicates: 2516
2026-05-10 11:57:41,755 - INFO - Duplicate count in _id: 0
2026-05-10 11:57:41,763 - INFO - Cleaned data saved to processed/cleaned/cleaned_data.csv
2026-05-10 11:57:41,763 - INFO - Cleaning pipeline finished
2026-05-10 11:57:41,763 - INFO - Cleaning completed. Cleaned rows: 701
2026-05-10 11:57:41,763 - INFO - Starting Lab 10 analytics
2026-05-10 11:57:42,128 - INFO - MySQL rows loaded: 701
2026-05-10 11:57:42,213 - INFO - Lab 10 analytics completed
2026-05-13 11:36:07,633 - INFO - Pipeline started
2026-05-13 11:36:07,669 - INFO - Fetching API data...
2026-05-13 11:36:12,964 - INFO - Saving API data to MongoDB...
2026-05-13 11:36:13,053 - INFO - Starting single-page scraping...
2026-05-13 11:36:13,873 - INFO - Scraping single page: https://books.toscrape.com/
2026-05-13 11:36:17,517 - INFO - Starting multi-page scraping...
2026-05-13 11:36:17,921 - INFO - Scraping page 1: https://books.toscrape.com/catalogue/page-1.html
2026-05-13 11:36:22,112 - INFO - Scraping page 2: https://books.toscrape.com/catalogue/page-2.html
2026-05-13 11:36:26,336 - INFO - Scraping page 3: https://books.toscrape.com/catalogue/page-3.html
2026-05-13 11:36:31,599 - INFO - Starting JSON API scraping...
2026-05-13 11:36:31,600 - INFO - Scraping JSON API: https://jsonplaceholder.typicode.com/posts
2026-05-13 11:36:33,860 - INFO - Starting Selenium scraping...
2026-05-13 11:36:33,861 - INFO - Scraping dynamic page with Selenium: https://quotes.toscrape.com/js/
2026-05-13 11:37:10,171 - INFO - Starting OCR on image...
2026-05-13 11:37:10,172 - INFO - OCR image: data/raw/images/test_scan.png
2026-05-13 11:37:14,584 - INFO - Starting OCR on scanned PDF...
2026-05-13 11:37:14,585 - INFO - OCR scanned PDF: data/raw/scanned/test_scan.pdf
2026-05-13 11:37:16,663 - INFO - Starting Lab 8 analytics
2026-05-13 11:37:20,816 - INFO - Starting Lab 9 cleaning pipeline
2026-05-13 11:37:20,817 - INFO - Starting cleaning pipeline
2026-05-13 11:37:20,819 - INFO - Available columns: ['_id', 'source', 'timestamp', 'name', 'city', 'country', 'postcode', 'street', 'categories', 'longitude', 'latitude', 'website', 'formatted_address']
2026-05-13 11:37:20,824 - INFO - Dropped rows with missing _id
2026-05-13 11:37:20,885 - INFO - Removed exact duplicates: 2693
2026-05-13 11:37:20,887 - INFO - Duplicate count in _id: 0
2026-05-13 11:37:20,908 - INFO - Cleaned data saved to processed/cleaned/cleaned_data.csv
2026-05-13 11:37:20,908 - INFO - Cleaning pipeline finished
2026-05-13 11:37:20,908 - INFO - Cleaning completed. Cleaned rows: 736
2026-05-13 11:37:20,909 - INFO - Starting Lab 10 analytics
2026-05-13 11:37:22,462 - INFO - MySQL rows loaded: 736
2026-05-13 11:37:22,684 - INFO - Lab 10 analytics completed
2026-05-13 11:37:22,685 - INFO - Starting Lab 11 embeddings...
2026-05-13 11:37:24,086 - INFO - No device provided, using cpu
2026-05-13 11:37:25,512 - INFO - HTTP Request: HEAD https://huggingface.co/sentence-transformers/all-MiniLM-L6-v2/resolve/main/modules.json "HTTP/1.1 307 Temporary Redirect"
2026-05-13 11:37:25,532 - INFO - HTTP Request: HEAD https://huggingface.co/api/resolve-cache/models/sentence-transformers/all-MiniLM-L6-v2/c9745ed1d9f207416be6d2e6f8de32d1f16199bf/modules.json "HTTP/1.1 200 OK"
2026-05-13 11:37:25,619 - INFO - HTTP Request: GET https://huggingface.co/api/resolve-cache/models/sentence-transformers/all-MiniLM-L6-v2/c9745ed1d9f207416be6d2e6f8de32d1f16199bf/modules.json "HTTP/1.1 200 OK"
2026-05-13 11:37:25,819 - INFO - HTTP Request: HEAD https://huggingface.co/sentence-transformers/all-MiniLM-L6-v2/resolve/main/config_sentence_transformers.json "HTTP/1.1 307 Temporary Redirect"
2026-05-13 11:37:25,839 - INFO - HTTP Request: HEAD https://huggingface.co/api/resolve-cache/models/sentence-transformers/all-MiniLM-L6-v2/c9745ed1d9f207416be6d2e6f8de32d1f16199bf/config_sentence_transformers.json "HTTP/1.1 200 OK"
2026-05-13 11:37:25,883 - INFO - HTTP Request: GET https://huggingface.co/api/resolve-cache/models/sentence-transformers/all-MiniLM-L6-v2/c9745ed1d9f207416be6d2e6f8de32d1f16199bf/config_sentence_transformers.json "HTTP/1.1 200 OK"
2026-05-13 11:37:25,907 - INFO - Loading SentenceTransformer model from sentence-transformers/all-MiniLM-L6-v2.
2026-05-13 11:37:26,174 - INFO - HTTP Request: HEAD https://huggingface.co/sentence-transformers/all-MiniLM-L6-v2/resolve/main/config_sentence_transformers.json "HTTP/1.1 307 Temporary Redirect"
2026-05-13 11:37:26,435 - INFO - HTTP Request: HEAD https://huggingface.co/api/resolve-cache/models/sentence-transformers/all-MiniLM-L6-v2/c9745ed1d9f207416be6d2e6f8de32d1f16199bf/config_sentence_transformers.json "HTTP/1.1 200 OK"
2026-05-13 11:37:26,593 - INFO - HTTP Request: HEAD https://huggingface.co/sentence-transformers/all-MiniLM-L6-v2/resolve/main/README.md "HTTP/1.1 307 Temporary Redirect"
2026-05-13 11:37:26,594 - WARNING - Warning: You are sending unauthenticated requests to the HF Hub. Please set a HF_TOKEN to enable higher rate limits and faster downloads.
2026-05-13 11:37:26,615 - INFO - HTTP Request: HEAD https://huggingface.co/api/resolve-cache/models/sentence-transformers/all-MiniLM-L6-v2/c9745ed1d9f207416be6d2e6f8de32d1f16199bf/README.md "HTTP/1.1 200 OK"
2026-05-13 11:37:26,640 - INFO - HTTP Request: GET https://huggingface.co/api/resolve-cache/models/sentence-transformers/all-MiniLM-L6-v2/c9745ed1d9f207416be6d2e6f8de32d1f16199bf/README.md "HTTP/1.1 200 OK"
2026-05-13 11:37:26,924 - INFO - HTTP Request: HEAD https://huggingface.co/sentence-transformers/all-MiniLM-L6-v2/resolve/main/modules.json "HTTP/1.1 307 Temporary Redirect"
2026-05-13 11:37:26,941 - INFO - HTTP Request: HEAD https://huggingface.co/api/resolve-cache/models/sentence-transformers/all-MiniLM-L6-v2/c9745ed1d9f207416be6d2e6f8de32d1f16199bf/modules.json "HTTP/1.1 200 OK"
2026-05-13 11:37:27,168 - INFO - HTTP Request: HEAD https://huggingface.co/sentence-transformers/all-MiniLM-L6-v2/resolve/main/sentence_bert_config.json "HTTP/1.1 307 Temporary Redirect"
2026-05-13 11:37:27,212 - INFO - HTTP Request: HEAD https://huggingface.co/api/resolve-cache/models/sentence-transformers/all-MiniLM-L6-v2/c9745ed1d9f207416be6d2e6f8de32d1f16199bf/sentence_bert_config.json "HTTP/1.1 200 OK"
2026-05-13 11:37:27,320 - INFO - HTTP Request: GET https://huggingface.co/api/resolve-cache/models/sentence-transformers/all-MiniLM-L6-v2/c9745ed1d9f207416be6d2e6f8de32d1f16199bf/sentence_bert_config.json "HTTP/1.1 200 OK"
2026-05-13 11:37:27,519 - INFO - HTTP Request: HEAD https://huggingface.co/sentence-transformers/all-MiniLM-L6-v2/resolve/main/adapter_config.json "HTTP/1.1 404 Not Found"
2026-05-13 11:37:27,712 - INFO - HTTP Request: HEAD https://huggingface.co/sentence-transformers/all-MiniLM-L6-v2/resolve/main/config.json "HTTP/1.1 307 Temporary Redirect"
2026-05-13 11:37:27,910 - INFO - HTTP Request: HEAD https://huggingface.co/api/resolve-cache/models/sentence-transformers/all-MiniLM-L6-v2/c9745ed1d9f207416be6d2e6f8de32d1f16199bf/config.json "HTTP/1.1 200 OK"
2026-05-13 11:37:28,013 - INFO - HTTP Request: GET https://huggingface.co/api/resolve-cache/models/sentence-transformers/all-MiniLM-L6-v2/c9745ed1d9f207416be6d2e6f8de32d1f16199bf/config.json "HTTP/1.1 200 OK"
2026-05-13 11:37:28,304 - INFO - HTTP Request: HEAD https://huggingface.co/sentence-transformers/all-MiniLM-L6-v2/resolve/main/model.safetensors "HTTP/1.1 302 Found"
2026-05-13 11:37:28,588 - INFO - HTTP Request: GET https://huggingface.co/api/models/sentence-transformers/all-MiniLM-L6-v2/xet-read-token/c9745ed1d9f207416be6d2e6f8de32d1f16199bf "HTTP/1.1 200 OK"
2026-05-13 11:39:32,711 - INFO - HTTP Request: HEAD https://huggingface.co/sentence-transformers/all-MiniLM-L6-v2/resolve/main/processor_config.json "HTTP/1.1 404 Not Found"
2026-05-13 11:39:32,873 - INFO - HTTP Request: HEAD https://huggingface.co/sentence-transformers/all-MiniLM-L6-v2/resolve/main/preprocessor_config.json "HTTP/1.1 404 Not Found"
2026-05-13 11:39:33,020 - INFO - HTTP Request: HEAD https://huggingface.co/sentence-transformers/all-MiniLM-L6-v2/resolve/main/video_preprocessor_config.json "HTTP/1.1 404 Not Found"
2026-05-13 11:39:33,183 - INFO - HTTP Request: HEAD https://huggingface.co/sentence-transformers/all-MiniLM-L6-v2/resolve/main/preprocessor_config.json "HTTP/1.1 404 Not Found"
2026-05-13 11:39:33,334 - INFO - HTTP Request: HEAD https://huggingface.co/sentence-transformers/all-MiniLM-L6-v2/resolve/main/tokenizer_config.json "HTTP/1.1 307 Temporary Redirect"
2026-05-13 11:39:33,363 - INFO - HTTP Request: HEAD https://huggingface.co/api/resolve-cache/models/sentence-transformers/all-MiniLM-L6-v2/c9745ed1d9f207416be6d2e6f8de32d1f16199bf/tokenizer_config.json "HTTP/1.1 200 OK"
2026-05-13 11:39:33,395 - INFO - HTTP Request: GET https://huggingface.co/api/resolve-cache/models/sentence-transformers/all-MiniLM-L6-v2/c9745ed1d9f207416be6d2e6f8de32d1f16199bf/tokenizer_config.json "HTTP/1.1 200 OK"
2026-05-13 11:39:33,993 - INFO - HTTP Request: HEAD https://huggingface.co/sentence-transformers/all-MiniLM-L6-v2/resolve/main/config.json "HTTP/1.1 307 Temporary Redirect"
2026-05-13 11:39:34,018 - INFO - HTTP Request: HEAD https://huggingface.co/api/resolve-cache/models/sentence-transformers/all-MiniLM-L6-v2/c9745ed1d9f207416be6d2e6f8de32d1f16199bf/config.json "HTTP/1.1 200 OK"
2026-05-13 11:39:34,189 - INFO - HTTP Request: HEAD https://huggingface.co/sentence-transformers/all-MiniLM-L6-v2/resolve/main/config.json "HTTP/1.1 307 Temporary Redirect"
2026-05-13 11:39:34,233 - INFO - HTTP Request: HEAD https://huggingface.co/api/resolve-cache/models/sentence-transformers/all-MiniLM-L6-v2/c9745ed1d9f207416be6d2e6f8de32d1f16199bf/config.json "HTTP/1.1 200 OK"
2026-05-13 11:39:34,411 - INFO - HTTP Request: HEAD https://huggingface.co/sentence-transformers/all-MiniLM-L6-v2/resolve/main/tokenizer_config.json "HTTP/1.1 307 Temporary Redirect"
2026-05-13 11:39:34,432 - INFO - HTTP Request: HEAD https://huggingface.co/api/resolve-cache/models/sentence-transformers/all-MiniLM-L6-v2/c9745ed1d9f207416be6d2e6f8de32d1f16199bf/tokenizer_config.json "HTTP/1.1 200 OK"
2026-05-13 11:39:34,612 - INFO - HTTP Request: GET https://huggingface.co/api/models/sentence-transformers/all-MiniLM-L6-v2/tree/main/additional_chat_templates?recursive=false&expand=false "HTTP/1.1 404 Not Found"
2026-05-13 11:39:34,764 - INFO - HTTP Request: GET https://huggingface.co/api/models/sentence-transformers/all-MiniLM-L6-v2/tree/main?recursive=true&expand=false "HTTP/1.1 200 OK"
2026-05-13 11:39:34,906 - INFO - HTTP Request: HEAD https://huggingface.co/sentence-transformers/all-MiniLM-L6-v2/resolve/main/vocab.txt "HTTP/1.1 307 Temporary Redirect"
2026-05-13 11:39:34,926 - INFO - HTTP Request: HEAD https://huggingface.co/api/resolve-cache/models/sentence-transformers/all-MiniLM-L6-v2/c9745ed1d9f207416be6d2e6f8de32d1f16199bf/vocab.txt "HTTP/1.1 200 OK"
2026-05-13 11:39:34,963 - INFO - HTTP Request: GET https://huggingface.co/api/resolve-cache/models/sentence-transformers/all-MiniLM-L6-v2/c9745ed1d9f207416be6d2e6f8de32d1f16199bf/vocab.txt "HTTP/1.1 200 OK"
2026-05-13 11:39:35,137 - INFO - HTTP Request: HEAD https://huggingface.co/sentence-transformers/all-MiniLM-L6-v2/resolve/main/tokenizer.json "HTTP/1.1 307 Temporary Redirect"
2026-05-13 11:39:35,187 - INFO - HTTP Request: HEAD https://huggingface.co/api/resolve-cache/models/sentence-transformers/all-MiniLM-L6-v2/c9745ed1d9f207416be6d2e6f8de32d1f16199bf/tokenizer.json "HTTP/1.1 200 OK"
2026-05-13 11:39:35,222 - INFO - HTTP Request: GET https://huggingface.co/api/resolve-cache/models/sentence-transformers/all-MiniLM-L6-v2/c9745ed1d9f207416be6d2e6f8de32d1f16199bf/tokenizer.json "HTTP/1.1 200 OK"
2026-05-13 11:39:35,418 - INFO - HTTP Request: HEAD https://huggingface.co/sentence-transformers/all-MiniLM-L6-v2/resolve/main/added_tokens.json "HTTP/1.1 404 Not Found"
2026-05-13 11:39:35,555 - INFO - HTTP Request: HEAD https://huggingface.co/sentence-transformers/all-MiniLM-L6-v2/resolve/main/special_tokens_map.json "HTTP/1.1 307 Temporary Redirect"
2026-05-13 11:39:35,581 - INFO - HTTP Request: HEAD https://huggingface.co/api/resolve-cache/models/sentence-transformers/all-MiniLM-L6-v2/c9745ed1d9f207416be6d2e6f8de32d1f16199bf/special_tokens_map.json "HTTP/1.1 200 OK"
2026-05-13 11:39:35,636 - INFO - HTTP Request: GET https://huggingface.co/api/resolve-cache/models/sentence-transformers/all-MiniLM-L6-v2/c9745ed1d9f207416be6d2e6f8de32d1f16199bf/special_tokens_map.json "HTTP/1.1 200 OK"
2026-05-13 11:39:35,789 - INFO - HTTP Request: HEAD https://huggingface.co/sentence-transformers/all-MiniLM-L6-v2/resolve/main/chat_template.jinja "HTTP/1.1 404 Not Found"
2026-05-13 11:39:36,145 - INFO - HTTP Request: HEAD https://huggingface.co/sentence-transformers/all-MiniLM-L6-v2/resolve/main/1_Pooling/config.json "HTTP/1.1 307 Temporary Redirect"
2026-05-13 11:39:36,170 - INFO - HTTP Request: HEAD https://huggingface.co/api/resolve-cache/models/sentence-transformers/all-MiniLM-L6-v2/c9745ed1d9f207416be6d2e6f8de32d1f16199bf/1_Pooling%2Fconfig.json "HTTP/1.1 200 OK"
2026-05-13 11:39:36,210 - INFO - HTTP Request: GET https://huggingface.co/api/resolve-cache/models/sentence-transformers/all-MiniLM-L6-v2/c9745ed1d9f207416be6d2e6f8de32d1f16199bf/1_Pooling%2Fconfig.json "HTTP/1.1 200 OK"
2026-05-13 11:39:36,387 - INFO - HTTP Request: GET https://huggingface.co/api/models/sentence-transformers/all-MiniLM-L6-v2 "HTTP/1.1 200 OK"
2026-05-13 11:39:38,808 - INFO - Lab 11 embeddings completed successfully
2026-05-13 11:41:45,012 - INFO - Pipeline started
2026-05-13 11:41:45,013 - INFO - Fetching API data...
2026-05-13 11:41:50,806 - INFO - Saving API data to MongoDB...
2026-05-13 11:41:50,845 - INFO - Starting single-page scraping...
2026-05-13 11:41:51,858 - INFO - Scraping single page: https://books.toscrape.com/
2026-05-13 11:41:57,398 - INFO - Starting multi-page scraping...
2026-05-13 11:41:59,089 - INFO - Scraping page 1: https://books.toscrape.com/catalogue/page-1.html
2026-05-13 11:42:03,668 - INFO - Scraping page 2: https://books.toscrape.com/catalogue/page-2.html
2026-05-13 11:42:07,563 - INFO - Scraping page 3: https://books.toscrape.com/catalogue/page-3.html
2026-05-13 11:42:11,653 - INFO - Starting JSON API scraping...
2026-05-13 11:42:11,654 - INFO - Scraping JSON API: https://jsonplaceholder.typicode.com/posts
2026-05-13 11:42:13,020 - INFO - Starting Selenium scraping...
2026-05-13 11:42:13,020 - INFO - Scraping dynamic page with Selenium: https://quotes.toscrape.com/js/
2026-05-13 11:42:18,050 - INFO - Starting OCR on image...
2026-05-13 11:42:18,050 - INFO - OCR image: data/raw/images/test_scan.png
2026-05-13 11:42:20,976 - INFO - Starting OCR on scanned PDF...
2026-05-13 11:42:20,976 - INFO - OCR scanned PDF: data/raw/scanned/test_scan.pdf
2026-05-13 11:42:23,060 - INFO - Starting Lab 8 analytics
2026-05-13 11:42:25,776 - INFO - Starting Lab 9 cleaning pipeline
2026-05-13 11:42:25,776 - INFO - Starting cleaning pipeline
2026-05-13 11:42:25,777 - INFO - Available columns: ['_id', 'source', 'timestamp', 'name', 'city', 'country', 'postcode', 'street', 'categories', 'longitude', 'latitude', 'website', 'formatted_address']
2026-05-13 11:42:25,780 - INFO - Dropped rows with missing _id
2026-05-13 11:42:25,822 - INFO - Removed exact duplicates: 2870
2026-05-13 11:42:25,823 - INFO - Duplicate count in _id: 0
2026-05-13 11:42:25,845 - INFO - Cleaned data saved to processed/cleaned/cleaned_data.csv
2026-05-13 11:42:25,845 - INFO - Cleaning pipeline finished
2026-05-13 11:42:25,846 - INFO - Cleaning completed. Cleaned rows: 771
2026-05-13 11:42:25,846 - INFO - Starting Lab 10 analytics
2026-05-13 11:42:27,029 - INFO - MySQL rows loaded: 771
2026-05-13 11:42:27,236 - INFO - Lab 10 analytics completed
2026-05-13 11:42:27,237 - INFO - Starting Lab 11 embeddings...
2026-05-13 11:42:27,604 - INFO - No device provided, using cpu
2026-05-13 11:42:28,975 - INFO - HTTP Request: HEAD https://huggingface.co/sentence-transformers/all-MiniLM-L6-v2/resolve/main/modules.json "HTTP/1.1 307 Temporary Redirect"
2026-05-13 11:42:29,388 - INFO - HTTP Request: HEAD https://huggingface.co/api/resolve-cache/models/sentence-transformers/all-MiniLM-L6-v2/c9745ed1d9f207416be6d2e6f8de32d1f16199bf/modules.json "HTTP/1.1 200 OK"
2026-05-13 11:42:29,591 - INFO - HTTP Request: HEAD https://huggingface.co/sentence-transformers/all-MiniLM-L6-v2/resolve/main/config_sentence_transformers.json "HTTP/1.1 307 Temporary Redirect"
2026-05-13 11:42:29,592 - WARNING - Warning: You are sending unauthenticated requests to the HF Hub. Please set a HF_TOKEN to enable higher rate limits and faster downloads.
2026-05-13 11:42:29,610 - INFO - HTTP Request: HEAD https://huggingface.co/api/resolve-cache/models/sentence-transformers/all-MiniLM-L6-v2/c9745ed1d9f207416be6d2e6f8de32d1f16199bf/config_sentence_transformers.json "HTTP/1.1 200 OK"
2026-05-13 11:42:29,616 - INFO - Loading SentenceTransformer model from sentence-transformers/all-MiniLM-L6-v2.
2026-05-13 11:42:29,754 - INFO - HTTP Request: HEAD https://huggingface.co/sentence-transformers/all-MiniLM-L6-v2/resolve/main/config_sentence_transformers.json "HTTP/1.1 307 Temporary Redirect"
2026-05-13 11:42:29,784 - INFO - HTTP Request: HEAD https://huggingface.co/api/resolve-cache/models/sentence-transformers/all-MiniLM-L6-v2/c9745ed1d9f207416be6d2e6f8de32d1f16199bf/config_sentence_transformers.json "HTTP/1.1 200 OK"
2026-05-13 11:42:29,999 - INFO - HTTP Request: HEAD https://huggingface.co/sentence-transformers/all-MiniLM-L6-v2/resolve/main/README.md "HTTP/1.1 307 Temporary Redirect"
2026-05-13 11:42:30,021 - INFO - HTTP Request: HEAD https://huggingface.co/api/resolve-cache/models/sentence-transformers/all-MiniLM-L6-v2/c9745ed1d9f207416be6d2e6f8de32d1f16199bf/README.md "HTTP/1.1 200 OK"
2026-05-13 11:42:30,210 - INFO - HTTP Request: HEAD https://huggingface.co/sentence-transformers/all-MiniLM-L6-v2/resolve/main/modules.json "HTTP/1.1 307 Temporary Redirect"
2026-05-13 11:42:30,235 - INFO - HTTP Request: HEAD https://huggingface.co/api/resolve-cache/models/sentence-transformers/all-MiniLM-L6-v2/c9745ed1d9f207416be6d2e6f8de32d1f16199bf/modules.json "HTTP/1.1 200 OK"
2026-05-13 11:42:30,375 - INFO - HTTP Request: HEAD https://huggingface.co/sentence-transformers/all-MiniLM-L6-v2/resolve/main/sentence_bert_config.json "HTTP/1.1 307 Temporary Redirect"
2026-05-13 11:42:30,403 - INFO - HTTP Request: HEAD https://huggingface.co/api/resolve-cache/models/sentence-transformers/all-MiniLM-L6-v2/c9745ed1d9f207416be6d2e6f8de32d1f16199bf/sentence_bert_config.json "HTTP/1.1 200 OK"
2026-05-13 11:42:30,577 - INFO - HTTP Request: HEAD https://huggingface.co/sentence-transformers/all-MiniLM-L6-v2/resolve/main/adapter_config.json "HTTP/1.1 404 Not Found"
2026-05-13 11:42:30,726 - INFO - HTTP Request: HEAD https://huggingface.co/sentence-transformers/all-MiniLM-L6-v2/resolve/main/config.json "HTTP/1.1 307 Temporary Redirect"
2026-05-13 11:42:30,751 - INFO - HTTP Request: HEAD https://huggingface.co/api/resolve-cache/models/sentence-transformers/all-MiniLM-L6-v2/c9745ed1d9f207416be6d2e6f8de32d1f16199bf/config.json "HTTP/1.1 200 OK"
2026-05-13 11:42:31,191 - INFO - HTTP Request: HEAD https://huggingface.co/sentence-transformers/all-MiniLM-L6-v2/resolve/main/processor_config.json "HTTP/1.1 404 Not Found"
2026-05-13 11:42:31,348 - INFO - HTTP Request: HEAD https://huggingface.co/sentence-transformers/all-MiniLM-L6-v2/resolve/main/preprocessor_config.json "HTTP/1.1 404 Not Found"
2026-05-13 11:42:31,498 - INFO - HTTP Request: HEAD https://huggingface.co/sentence-transformers/all-MiniLM-L6-v2/resolve/main/video_preprocessor_config.json "HTTP/1.1 404 Not Found"
2026-05-13 11:42:31,655 - INFO - HTTP Request: HEAD https://huggingface.co/sentence-transformers/all-MiniLM-L6-v2/resolve/main/preprocessor_config.json "HTTP/1.1 404 Not Found"
2026-05-13 11:42:31,816 - INFO - HTTP Request: HEAD https://huggingface.co/sentence-transformers/all-MiniLM-L6-v2/resolve/main/tokenizer_config.json "HTTP/1.1 307 Temporary Redirect"
2026-05-13 11:42:31,833 - INFO - HTTP Request: HEAD https://huggingface.co/api/resolve-cache/models/sentence-transformers/all-MiniLM-L6-v2/c9745ed1d9f207416be6d2e6f8de32d1f16199bf/tokenizer_config.json "HTTP/1.1 200 OK"
2026-05-13 11:42:31,974 - INFO - HTTP Request: HEAD https://huggingface.co/sentence-transformers/all-MiniLM-L6-v2/resolve/main/config.json "HTTP/1.1 307 Temporary Redirect"
2026-05-13 11:42:31,992 - INFO - HTTP Request: HEAD https://huggingface.co/api/resolve-cache/models/sentence-transformers/all-MiniLM-L6-v2/c9745ed1d9f207416be6d2e6f8de32d1f16199bf/config.json "HTTP/1.1 200 OK"
2026-05-13 11:42:32,141 - INFO - HTTP Request: HEAD https://huggingface.co/sentence-transformers/all-MiniLM-L6-v2/resolve/main/config.json "HTTP/1.1 307 Temporary Redirect"
2026-05-13 11:42:32,163 - INFO - HTTP Request: HEAD https://huggingface.co/api/resolve-cache/models/sentence-transformers/all-MiniLM-L6-v2/c9745ed1d9f207416be6d2e6f8de32d1f16199bf/config.json "HTTP/1.1 200 OK"
2026-05-13 11:42:32,307 - INFO - HTTP Request: HEAD https://huggingface.co/sentence-transformers/all-MiniLM-L6-v2/resolve/main/tokenizer_config.json "HTTP/1.1 307 Temporary Redirect"
2026-05-13 11:42:32,348 - INFO - HTTP Request: HEAD https://huggingface.co/api/resolve-cache/models/sentence-transformers/all-MiniLM-L6-v2/c9745ed1d9f207416be6d2e6f8de32d1f16199bf/tokenizer_config.json "HTTP/1.1 200 OK"
2026-05-13 11:42:32,497 - INFO - HTTP Request: GET https://huggingface.co/api/models/sentence-transformers/all-MiniLM-L6-v2/tree/main/additional_chat_templates?recursive=false&expand=false "HTTP/1.1 404 Not Found"
2026-05-13 11:42:32,851 - INFO - HTTP Request: GET https://huggingface.co/api/models/sentence-transformers/all-MiniLM-L6-v2/tree/main?recursive=true&expand=false "HTTP/1.1 200 OK"
2026-05-13 11:42:33,091 - INFO - HTTP Request: HEAD https://huggingface.co/sentence-transformers/all-MiniLM-L6-v2/resolve/main/1_Pooling/config.json "HTTP/1.1 307 Temporary Redirect"
2026-05-13 11:42:33,110 - INFO - HTTP Request: HEAD https://huggingface.co/api/resolve-cache/models/sentence-transformers/all-MiniLM-L6-v2/c9745ed1d9f207416be6d2e6f8de32d1f16199bf/1_Pooling%2Fconfig.json "HTTP/1.1 200 OK"
2026-05-13 11:42:33,255 - INFO - HTTP Request: GET https://huggingface.co/api/models/sentence-transformers/all-MiniLM-L6-v2 "HTTP/1.1 200 OK"
2026-05-13 11:42:35,404 - INFO - Lab 11 embeddings completed successfully
